{
  "0 info pnpm:global": "Nothing to stop. No server is running for the store at C:\\Users\\mcgee\\.pnpm-store\\v3",
  "1 debug pnpm:scope": {
    "selected": 1
  },
  "2 debug pnpm:package-manifest": {
    "initial": {
      "dependencies": {
        "pnpm": "^6.31.0"
      }
    },
    "prefix": "C:\\Users\\mcgee\\AppData\\Roaming\\npm\\pnpm-global\\5"
  },
  "3 debug pnpm:context": {
    "currentLockfileExists": true,
    "storeDir": "C:\\Users\\mcgee\\.pnpm-store\\v3",
    "virtualStoreDir": "C:\\Users\\mcgee\\AppData\\Roaming\\npm\\pnpm-global\\5\\node_modules\\.pnpm"
  },
  "4 debug pnpm:stage": {
    "prefix": "C:\\Users\\mcgee\\AppData\\Roaming\\npm\\pnpm-global\\5",
    "stage": "resolution_started"
  },
  "5 debug pnpm:_dependency_resolved": {
    "resolution": "registry.npmjs.org/pnpm/6.31.0",
    "wanted": {
      "dependentId": ".",
      "name": "pnpm",
      "rawSpec": "latest"
    }
  },
  "6 debug pnpm:progress": {
    "packageId": "registry.npmjs.org/pnpm/6.31.0",
    "requester": "C:\\Users\\mcgee\\AppData\\Roaming\\npm\\pnpm-global\\5",
    "status": "resolved"
  },
  "7 debug pnpm:package-manifest": {
    "prefix": "C:\\Users\\mcgee\\AppData\\Roaming\\npm\\pnpm-global\\5",
    "updated": {
      "dependencies": {
        "pnpm": "^6.31.0"
      }
    }
  },
  "8 debug pnpm:stage": {
    "prefix": "C:\\Users\\mcgee\\AppData\\Roaming\\npm\\pnpm-global\\5",
    "stage": "resolution_done"
  },
  "9 debug pnpm:stats": {
    "prefix": "C:\\Users\\mcgee\\AppData\\Roaming\\npm\\pnpm-global\\5",
    "removed": 0
  },
  "10 debug pnpm:stage": {
    "prefix": "C:\\Users\\mcgee\\AppData\\Roaming\\npm\\pnpm-global\\5",
    "stage": "importing_started"
  },
  "11 debug pnpm:stats": {
    "added": 0,
    "prefix": "C:\\Users\\mcgee\\AppData\\Roaming\\npm\\pnpm-global\\5"
  },
  "12 debug pnpm:stage": {
    "prefix": "C:\\Users\\mcgee\\AppData\\Roaming\\npm\\pnpm-global\\5",
    "stage": "importing_done"
  },
  "13 debug pnpm:link": {
    "target": "C:\\Users\\mcgee\\AppData\\Roaming\\npm\\pnpm-global\\5\\node_modules\\.pnpm\\pnpm@6.31.0\\node_modules\\pnpm",
    "link": "C:\\Users\\mcgee\\AppData\\Roaming\\npm\\pnpm-global\\5\\node_modules\\pnpm"
  },
  "14 error pnpm": {
    "errno": -4048,
    "code": "EPERM",
    "syscall": "open",
    "path": "C:\\Program Files\\nodejs\\pnpm",
    "err": {
      "name": "Error",
      "message": "EPERM: operation not permitted, open 'C:\\Program Files\\nodejs\\pnpm'",
      "code": "EPERM",
      "stack": "Error: EPERM: operation not permitted, open 'C:\\Program Files\\nodejs\\pnpm'"
    }
  }
}