{
  "0 debug pnpm:scope": {
    "selected": 1
  },
  "1 error pnpm": {
    "errno": 1,
    "code": "ELIFECYCLE",
    "pkgid": "eth.build@0.1.0",
    "stage": "start",
    "script": "react-scripts --max_old_space_size=8192 start",
    "pkgname": "eth.build",
    "err": {
      "name": "pnpm",
      "message": "eth.build@0.1.0 start: `react-scripts --max_old_space_size=8192 start`\nExit status 1",
      "code": "ELIFECYCLE",
      "stack": "pnpm: eth.build@0.1.0 start: `react-scripts --max_old_space_size=8192 start`\nExit status 1\n    at EventEmitter.<anonymous> (C:\\Users\\mcgee\\AppData\\Roaming\\npm\\pnpm-global\\5\\node_modules\\.pnpm\\pnpm@6.28.0\\node_modules\\pnpm\\dist\\pnpm.cjs:105434:20)\n    at EventEmitter.emit (node:events:390:28)\n    at ChildProcess.<anonymous> (C:\\Users\\mcgee\\AppData\\Roaming\\npm\\pnpm-global\\5\\node_modules\\.pnpm\\pnpm@6.28.0\\node_modules\\pnpm\\dist\\pnpm.cjs:91983:18)\n    at ChildProcess.emit (node:events:390:28)\n    at maybeClose (node:internal/child_process:1064:16)\n    at Process.ChildProcess._handle.onexit (node:internal/child_process:301:5)"
    }
  },
  "2 warn pnpm:global": " Local package.json exists, but node_modules missing, did you mean to install?"
}